
> personal-finance-suite@1.0.0 dev
> next dev -p 3002

  ▲ Next.js 14.2.25
  - Local:        http://localhost:3002
  - Environments: .env.local

 ✓ Starting...
 ✓ Ready in 1546ms
 ○ Compiling /dashboard ...
 ✓ Compiled /dashboard in 1529ms (1606 modules)
 GET /dashboard 200 in 1872ms
 GET /dashboard 200 in 49ms
 ✓ Compiled /api/alerts/summary in 390ms (903 modules)
 GET /api/alerts/summary 200 in 1424ms
 GET /api/alerts/summary 200 in 1425ms
 ○ Compiling /alerts ...
 ✓ Compiled /alerts in 752ms (1654 modules)
 ✓ Compiled /incentives in 226ms (1646 modules)
 ✓ Compiled /fds in 160ms (1648 modules)
 GET /api/alerts/summary 200 in 18ms
 ✓ Compiled in 466ms (908 modules)
 GET /api/alerts/summary 200 in 20ms
 ✓ Compiled in 143ms (908 modules)
